<?xml version="1.0" encoding="UTF-8"?>
<!-- Generated by org.testng.reporters.JUnitXMLReporter -->
<testsuite ignored="0" hostname="LAPTOP-6FQI5GQB" failures="0" tests="3" name="Default test" time="49.064" errors="0" timestamp="2022-11-23T12:50:11 ICT">
  <testcase classname="testcases.unitTest" name="changePasswordPageReadExcelDynamic" time="12.311"/>
  <testcase classname="testcases.unitTest" name="signInPageReadExcelDynamic" time="16.032"/>
  <testcase classname="testcases.unitTest" name="signUpPageReadExcelDynamic" time="15.537"/>
</testsuite> <!-- Default test -->
