<?xml version="1.0" encoding="UTF-8"?>
<!-- Generated by org.testng.reporters.JUnitXMLReporter -->
<testsuite ignored="0" hostname="LAPTOP-6FQI5GQB" failures="0" tests="3" name="Default test" time="98.067" errors="0" timestamp="2022-11-25T09:31:26 ICT">
  <testcase classname="testcases.unitTest" name="changePasswordPageReadExcelDynamic" time="25.313"/>
  <testcase classname="testcases.unitTest" name="signInPageReadExcelDynamic" time="25.017"/>
  <testcase classname="testcases.unitTest" name="signUpPageReadExcelDynamic" time="20.121"/>
</testsuite> <!-- Default test -->
