<?xml version="1.0" encoding="UTF-8"?>
<testng-results ignored="0" total="3" passed="3" failed="0" skipped="0">
  <reporter-output>
  </reporter-output>
  <suite started-at="2022-11-23T12:49:22 ICT" name="Default suite" finished-at="2022-11-23T12:50:11 ICT" duration-ms="49064">
    <groups>
    </groups>
    <test started-at="2022-11-23T12:49:22 ICT" name="Default test" finished-at="2022-11-23T12:50:11 ICT" duration-ms="49064">
      <class name="testcases.unitTest">
        <test-method is-config="true" signature="setupBrowser()[pri:0, instance:testcases.unitTest@815b41f]" started-at="2022-11-23T12:49:22 ICT" name="setupBrowser" finished-at="2022-11-23T12:49:27 ICT" duration-ms="4733" status="PASS">
          <reporter-output>
          </reporter-output>
        </test-method> <!-- setupBrowser -->
        <test-method signature="changePasswordPageReadExcelDynamic()[pri:0, instance:testcases.unitTest@815b41f]" started-at="2022-11-23T12:49:27 ICT" name="changePasswordPageReadExcelDynamic" finished-at="2022-11-23T12:49:39 ICT" duration-ms="12311" status="PASS">
          <reporter-output>
          </reporter-output>
        </test-method> <!-- changePasswordPageReadExcelDynamic -->
        <test-method signature="signInPageReadExcelDynamic()[pri:0, instance:testcases.unitTest@815b41f]" started-at="2022-11-23T12:49:39 ICT" name="signInPageReadExcelDynamic" finished-at="2022-11-23T12:49:55 ICT" duration-ms="16032" status="PASS">
          <reporter-output>
          </reporter-output>
        </test-method> <!-- signInPageReadExcelDynamic -->
        <test-method signature="signUpPageReadExcelDynamic()[pri:0, instance:testcases.unitTest@815b41f]" started-at="2022-11-23T12:49:55 ICT" name="signUpPageReadExcelDynamic" finished-at="2022-11-23T12:50:11 ICT" duration-ms="15537" status="PASS">
          <reporter-output>
          </reporter-output>
        </test-method> <!-- signUpPageReadExcelDynamic -->
        <test-method is-config="true" signature="closeBrowser()[pri:0, instance:testcases.unitTest@815b41f]" started-at="2022-11-23T12:50:11 ICT" name="closeBrowser" finished-at="2022-11-23T12:50:11 ICT" duration-ms="408" status="PASS">
          <reporter-output>
          </reporter-output>
        </test-method> <!-- closeBrowser -->
      </class> <!-- testcases.unitTest -->
    </test> <!-- Default test -->
  </suite> <!-- Default suite -->
</testng-results>
