<?xml version="1.0" encoding="UTF-8"?>
<testng-results ignored="0" total="3" passed="3" failed="0" skipped="0">
  <reporter-output>
  </reporter-output>
  <suite started-at="2022-11-25T09:29:48 ICT" name="Default suite" finished-at="2022-11-25T09:31:26 ICT" duration-ms="98067">
    <groups>
    </groups>
    <test started-at="2022-11-25T09:29:48 ICT" name="Default test" finished-at="2022-11-25T09:31:26 ICT" duration-ms="98067">
      <class name="testcases.unitTest">
        <test-method is-config="true" signature="setupBrowser()[pri:0, instance:testcases.unitTest@5542c4ed]" started-at="2022-11-25T09:29:48 ICT" name="setupBrowser" finished-at="2022-11-25T09:29:59 ICT" duration-ms="11064" status="PASS">
          <reporter-output>
          </reporter-output>
        </test-method> <!-- setupBrowser -->
        <test-method signature="changePasswordPageReadExcelDynamic()[pri:0, instance:testcases.unitTest@5542c4ed]" started-at="2022-11-25T09:29:59 ICT" name="changePasswordPageReadExcelDynamic" finished-at="2022-11-25T09:30:24 ICT" duration-ms="25313" status="PASS">
          <reporter-output>
          </reporter-output>
        </test-method> <!-- changePasswordPageReadExcelDynamic -->
        <test-method signature="signInPageReadExcelDynamic()[pri:0, instance:testcases.unitTest@5542c4ed]" started-at="2022-11-25T09:30:24 ICT" name="signInPageReadExcelDynamic" finished-at="2022-11-25T09:30:49 ICT" duration-ms="25017" status="PASS">
          <reporter-output>
          </reporter-output>
        </test-method> <!-- signInPageReadExcelDynamic -->
        <test-method signature="signUpPageReadExcelDynamic()[pri:0, instance:testcases.unitTest@5542c4ed]" started-at="2022-11-25T09:30:49 ICT" name="signUpPageReadExcelDynamic" finished-at="2022-11-25T09:31:10 ICT" duration-ms="20121" status="PASS">
          <reporter-output>
          </reporter-output>
        </test-method> <!-- signUpPageReadExcelDynamic -->
        <test-method is-config="true" signature="closeBrowser()[pri:0, instance:testcases.unitTest@5542c4ed]" started-at="2022-11-25T09:31:10 ICT" name="closeBrowser" finished-at="2022-11-25T09:31:26 ICT" duration-ms="16434" status="PASS">
          <reporter-output>
          </reporter-output>
        </test-method> <!-- closeBrowser -->
      </class> <!-- testcases.unitTest -->
    </test> <!-- Default test -->
  </suite> <!-- Default suite -->
</testng-results>
